<?xml version="1.0" encoding="UTF-8"?>
<!-- Generated by org.testng.reporters.JUnitReportReporter -->
<testsuite hostname="DESKTOP-SDBG9IR" failures="0" tests="1" name="tests.TC03_AddProductInCart" time="6.147" errors="0" timestamp="2025-07-07T17:37:33 IST" skipped="0">
  <testcase classname="tests.TC03_AddProductInCart" name="accProduct" time="6.147"/>
</testsuite> <!-- tests.TC03_AddProductInCart -->
