<?xml version="1.0" encoding="UTF-8"?>
<!-- Generated by org.testng.reporters.JUnitReportReporter -->
<testsuite hostname="DESKTOP-SDBG9IR" failures="0" tests="1" name="tests.EndToEndFlow" time="20.134" errors="0" timestamp="2025-07-07T18:31:57 IST" skipped="0">
  <testcase classname="tests.EndToEndFlow" name="EndToEndTest" time="20.134"/>
</testsuite> <!-- tests.EndToEndFlow -->
