<?xml version="1.0" encoding="UTF-8"?>
<!-- Generated by org.testng.reporters.JUnitReportReporter -->
<testsuite hostname="DESKTOP-SDBG9IR" failures="0" tests="1" name="tests.TC04_PlaceOrder" time="8.692" errors="0" timestamp="2025-07-07T17:37:33 IST" skipped="0">
  <testcase classname="tests.TC04_PlaceOrder" name="placeOrder" time="8.692"/>
</testsuite> <!-- tests.TC04_PlaceOrder -->
