<?xml version="1.0" encoding="UTF-8"?>
<!-- Generated by org.testng.reporters.JUnitReportReporter -->
<testsuite hostname="DESKTOP-SDBG9IR" failures="0" tests="1" name="tests.TC02_Login" time="4.891" errors="0" timestamp="2025-07-07T17:37:33 IST" skipped="0">
  <testcase classname="tests.TC02_Login" name="Login" time="4.891"/>
</testsuite> <!-- tests.TC02_Login -->
