<?xml version="1.0" encoding="UTF-8"?>
<!-- Generated by org.testng.reporters.JUnitReportReporter -->
<testsuite hostname="DESKTOP-SDBG9IR" failures="0" tests="1" name="tests.TC01_Signup" time="5.337" errors="0" timestamp="2025-07-07T17:37:33 IST" skipped="0">
  <testcase classname="tests.TC01_Signup" name="SignUp" time="5.337"/>
</testsuite> <!-- tests.TC01_Signup -->
